\BOOKMARK [1][-]{section.1}{\376\377\000I\000n\000t\000r\000o\000d\000u\000c\000c\000i\000\363\000n}{}% 1
\BOOKMARK [2][-]{subsection.1.1}{\376\377\000M\000o\000t\000i\000v\000a\000c\000i\000\363\000n\000\040\000y\000\040\000O\000b\000j\000e\000t\000i\000v\000o\000s}{section.1}% 2
\BOOKMARK [2][-]{subsection.1.2}{\376\377\000C\000o\000n\000t\000r\000i\000b\000u\000c\000i\000\363\000n\000\040\000M\000e\000t\000o\000d\000o\000l\000\363\000g\000i\000c\000a}{section.1}% 3
\BOOKMARK [1][-]{section.2}{\376\377\000M\000a\000r\000c\000o\000\040\000T\000e\000\363\000r\000i\000c\000o}{}% 4
\BOOKMARK [2][-]{subsection.2.1}{\376\377\000D\000e\000f\000i\000n\000i\000c\000i\000\363\000n\000\040\000d\000e\000l\000\040\000\315\000n\000d\000i\000c\000e\000\040\000C\000T\000O\000T}{section.2}% 5
\BOOKMARK [2][-]{subsection.2.2}{\376\377\000E\000s\000p\000e\000c\000i\000f\000i\000c\000a\000c\000i\000\363\000n\000\040\000d\000e\000\040\000P\000e\000s\000o\000s}{section.2}% 6
\BOOKMARK [2][-]{subsection.2.3}{\376\377\000I\000n\000t\000e\000r\000p\000r\000e\000t\000a\000c\000i\000\363\000n\000\040\000E\000c\000o\000n\000\363\000m\000i\000c\000a}{section.2}% 7
\BOOKMARK [1][-]{section.3}{\376\377\000F\000u\000e\000n\000t\000e\000s\000\040\000d\000e\000\040\000D\000a\000t\000o\000s}{}% 8
\BOOKMARK [2][-]{subsection.3.1}{\376\377\000P\000r\000e\000c\000i\000o\000s\000\040\000d\000e\000\040\000C\000o\000m\000m\000o\000d\000i\000t\000i\000e\000s}{section.3}% 9
\BOOKMARK [3][-]{subsubsection.3.1.1}{\376\377\000F\000u\000e\000n\000t\000e\000\040\000P\000r\000i\000m\000a\000r\000i\000a}{subsection.3.1}% 10
\BOOKMARK [3][-]{subsubsection.3.1.2}{\376\377\000D\000e\000f\000l\000a\000c\000t\000o\000r\000\040\000d\000e\000\040\000P\000r\000e\000c\000i\000o\000s}{subsection.3.1}% 11
\BOOKMARK [2][-]{subsection.3.2}{\376\377\000D\000a\000t\000o\000s\000\040\000d\000e\000\040\000C\000o\000m\000e\000r\000c\000i\000o\000\040\000I\000n\000t\000e\000r\000n\000a\000c\000i\000o\000n\000a\000l}{section.3}% 12
\BOOKMARK [3][-]{subsubsection.3.2.1}{\376\377\000F\000u\000e\000n\000t\000e\000\040\000y\000\040\000C\000o\000b\000e\000r\000t\000u\000r\000a}{subsection.3.2}% 13
\BOOKMARK [3][-]{subsubsection.3.2.2}{\376\377\000M\000a\000p\000e\000o\000\040\000H\000S\000-\000I\000M\000F}{subsection.3.2}% 14
\BOOKMARK [2][-]{subsection.3.3}{\376\377\000D\000a\000t\000o\000s\000\040\000M\000a\000c\000r\000o\000e\000c\000o\000n\000\363\000m\000i\000c\000o\000s}{section.3}% 15
\BOOKMARK [3][-]{subsubsection.3.3.1}{\376\377\000P\000I\000B\000\040\000N\000o\000m\000i\000n\000a\000l}{subsection.3.3}% 16
\BOOKMARK [1][-]{section.4}{\376\377\000M\000e\000t\000o\000d\000o\000l\000o\000g\000\355\000a\000\040\000d\000e\000\040\000C\000\341\000l\000c\000u\000l\000o}{}% 17
\BOOKMARK [2][-]{subsection.4.1}{\376\377\000P\000r\000o\000c\000e\000s\000a\000m\000i\000e\000n\000t\000o\000\040\000d\000e\000\040\000D\000a\000t\000o\000s\000\040\000d\000e\000\040\000C\000o\000m\000e\000r\000c\000i\000o}{section.4}% 18
\BOOKMARK [3][-]{subsubsection.4.1.1}{\376\377\000A\000g\000r\000e\000g\000a\000c\000i\000\363\000n\000\040\000A\000n\000u\000a\000l}{subsection.4.1}% 19
\BOOKMARK [3][-]{subsubsection.4.1.2}{\376\377\000C\000\341\000l\000c\000u\000l\000o\000\040\000d\000e\000\040\000E\000x\000p\000o\000r\000t\000a\000c\000i\000o\000n\000e\000s\000\040\000N\000e\000t\000a\000s}{subsection.4.1}% 20
\BOOKMARK [2][-]{subsection.4.2}{\376\377\000C\000o\000n\000s\000t\000r\000u\000c\000c\000i\000\363\000n\000\040\000d\000e\000\040\000P\000e\000s\000o\000s\000\040\000T\000i\000m\000e\000-\000V\000a\000r\000y\000i\000n\000g}{section.4}% 21
\BOOKMARK [3][-]{subsubsection.4.2.1}{\376\377\000P\000e\000s\000o\000s\000\040\000A\000n\000u\000a\000l\000e\000s\000\040\000B\000a\000s\000e}{subsection.4.2}% 22
\BOOKMARK [3][-]{subsubsection.4.2.2}{\376\377\000P\000r\000o\000m\000e\000d\000i\000o\000\040\000M\000\363\000v\000i\000l\000\040\000R\000e\000z\000a\000g\000a\000d\000o}{subsection.4.2}% 23
\BOOKMARK [3][-]{subsubsection.4.2.3}{\376\377\000I\000n\000t\000e\000r\000p\000o\000l\000a\000c\000i\000\363\000n\000\040\000M\000e\000n\000s\000u\000a\000l}{subsection.4.2}% 24
\BOOKMARK [2][-]{subsection.4.3}{\376\377\000C\000\341\000l\000c\000u\000l\000o\000\040\000d\000e\000l\000\040\000\315\000n\000d\000i\000c\000e\000\040\000C\000T\000O\000T\000\040\000M\000e\000n\000s\000u\000a\000l}{section.4}% 25
\BOOKMARK [3][-]{subsubsection.4.3.1}{\376\377\000C\000a\000m\000b\000i\000o\000s\000\040\000L\000o\000g\000a\000r\000\355\000t\000m\000i\000c\000o\000s\000\040\000d\000e\000\040\000P\000r\000e\000c\000i\000o\000s}{subsection.4.3}% 26
\BOOKMARK [3][-]{subsubsection.4.3.2}{\376\377\000A\000g\000r\000e\000g\000a\000c\000i\000\363\000n\000\040\000P\000o\000n\000d\000e\000r\000a\000d\000a}{subsection.4.3}% 27
\BOOKMARK [3][-]{subsubsection.4.3.3}{\376\377\000C\000o\000n\000s\000t\000r\000u\000c\000c\000i\000\363\000n\000\040\000d\000e\000l\000\040\000\315\000n\000d\000i\000c\000e\000\040\000L\000e\000v\000e\000l}{subsection.4.3}% 28
\BOOKMARK [1][-]{section.5}{\376\377\000I\000m\000p\000l\000e\000m\000e\000n\000t\000a\000c\000i\000\363\000n\000\040\000C\000o\000m\000p\000u\000t\000a\000c\000i\000o\000n\000a\000l}{}% 29
\BOOKMARK [2][-]{subsection.5.1}{\376\377\000A\000r\000q\000u\000i\000t\000e\000c\000t\000u\000r\000a\000\040\000d\000e\000l\000\040\000S\000o\000f\000t\000w\000a\000r\000e}{section.5}% 30
\BOOKMARK [2][-]{subsection.5.2}{\376\377\000F\000l\000u\000j\000o\000\040\000d\000e\000\040\000P\000r\000o\000c\000e\000s\000a\000m\000i\000e\000n\000t\000o}{section.5}% 31
\BOOKMARK [2][-]{subsection.5.3}{\376\377\000V\000a\000l\000i\000d\000a\000c\000i\000o\000n\000e\000s\000\040\000I\000m\000p\000l\000e\000m\000e\000n\000t\000a\000d\000a\000s}{section.5}% 32
\BOOKMARK [3][-]{subsubsection.5.3.1}{\376\377\000V\000a\000l\000i\000d\000a\000c\000i\000o\000n\000e\000s\000\040\000M\000e\000t\000o\000d\000o\000l\000\363\000g\000i\000c\000a\000s}{subsection.5.3}% 33
\BOOKMARK [3][-]{subsubsection.5.3.2}{\376\377\000V\000a\000l\000i\000d\000a\000c\000i\000o\000n\000e\000s\000\040\000T\000\351\000c\000n\000i\000c\000a\000s}{subsection.5.3}% 34
\BOOKMARK [1][-]{section.6}{\376\377\000A\000n\000\341\000l\000i\000s\000i\000s\000\040\000d\000e\000\040\000C\000o\000n\000t\000r\000i\000b\000u\000c\000i\000o\000n\000e\000s\000\040\000p\000o\000r\000\040\000G\000r\000u\000p\000o}{}% 35
\BOOKMARK [2][-]{subsection.6.1}{\376\377\000D\000e\000s\000c\000o\000m\000p\000o\000s\000i\000c\000i\000\363\000n\000\040\000p\000o\000r\000\040\000C\000a\000t\000e\000g\000o\000r\000\355\000a\000s}{section.6}% 36
\BOOKMARK [2][-]{subsection.6.2}{\376\377\000I\000n\000t\000e\000r\000p\000r\000e\000t\000a\000c\000i\000\363\000n\000\040\000d\000e\000\040\000C\000o\000n\000t\000r\000i\000b\000u\000c\000i\000o\000n\000e\000s}{section.6}% 37
\BOOKMARK [1][-]{section.7}{\376\377\000R\000e\000s\000u\000l\000t\000a\000d\000o\000s\000\040\000y\000\040\000V\000a\000l\000i\000d\000a\000c\000i\000\363\000n}{}% 38
\BOOKMARK [2][-]{subsection.7.1}{\376\377\000E\000s\000t\000a\000d\000\355\000s\000t\000i\000c\000a\000s\000\040\000D\000e\000s\000c\000r\000i\000p\000t\000i\000v\000a\000s}{section.7}% 39
\BOOKMARK [2][-]{subsection.7.2}{\376\377\000R\000a\000n\000k\000i\000n\000g\000\040\000d\000e\000\040\000V\000o\000l\000a\000t\000i\000l\000i\000d\000a\000d\000\040\000p\000o\000r\000\040\000G\000r\000u\000p\000o}{section.7}% 40
\BOOKMARK [2][-]{subsection.7.3}{\376\377\000E\000v\000e\000n\000t\000o\000s\000\040\000I\000d\000e\000n\000t\000i\000f\000i\000c\000a\000d\000o\000s}{section.7}% 41
\BOOKMARK [1][-]{section.8}{\376\377\000C\000o\000n\000c\000l\000u\000s\000i\000o\000n\000e\000s\000\040\000y\000\040\000E\000x\000t\000e\000n\000s\000i\000o\000n\000e\000s}{}% 42
\BOOKMARK [2][-]{subsection.8.1}{\376\377\000L\000o\000g\000r\000o\000s\000\040\000M\000e\000t\000o\000d\000o\000l\000\363\000g\000i\000c\000o\000s}{section.8}% 43
\BOOKMARK [2][-]{subsection.8.2}{\376\377\000A\000p\000l\000i\000c\000a\000c\000i\000o\000n\000e\000s\000\040\000P\000o\000t\000e\000n\000c\000i\000a\000l\000e\000s}{section.8}% 44
\BOOKMARK [2][-]{subsection.8.3}{\376\377\000E\000x\000t\000e\000n\000s\000i\000o\000n\000e\000s\000\040\000F\000u\000t\000u\000r\000a\000s}{section.8}% 45
\BOOKMARK [1][-]{appendix.Alph1}{\376\377\000C\000\363\000d\000i\000g\000o\000s\000\040\000H\000S\000\040\000D\000e\000t\000a\000l\000l\000a\000d\000o\000s\000\040\000p\000o\000r\000\040\000C\000o\000m\000m\000o\000d\000i\000t\000y}{}% 46
\BOOKMARK [2][-]{subsection.Alph1.1}{\376\377\000E\000n\000e\000r\000g\000\355\000a}{appendix.Alph1}% 47
\BOOKMARK [1][-]{appendix.Alph2}{\376\377\000E\000s\000p\000e\000c\000i\000f\000i\000c\000a\000c\000i\000o\000n\000e\000s\000\040\000T\000\351\000c\000n\000i\000c\000a\000s\000\040\000d\000e\000\040\000I\000m\000p\000l\000e\000m\000e\000n\000t\000a\000c\000i\000\363\000n}{}% 48
\BOOKMARK [2][-]{subsection.Alph2.1}{\376\377\000E\000s\000t\000r\000u\000c\000t\000u\000r\000a\000\040\000d\000e\000\040\000A\000r\000c\000h\000i\000v\000o\000s}{appendix.Alph2}% 49
\BOOKMARK [2][-]{subsection.Alph2.2}{\376\377\000C\000o\000n\000f\000i\000g\000u\000r\000a\000c\000i\000\363\000n\000\040\000d\000e\000\040\000P\000a\000r\000\341\000m\000e\000t\000r\000o\000s}{appendix.Alph2}% 50
